CRITICAL - 2025-02-06 13:09:43 --> ErrorException: Undefined variable $title
[Method: GET, Route: /]
in APPPATH\Views\admin\home.php on line 12.
 1 APPPATH\Views\admin\home.php(12): CodeIgniter\Debug\Exceptions->errorHandler(2, 'Undefined variable $title', 'C:\\xampp\\htdocs\\spk-topsis\\app\\Views\\admin\\home.php', 12)
 2 SYSTEMPATH\View\View.php(224): include('C:\\xampp\\htdocs\\spk-topsis\\app\\Views\\admin\\home.php')
 3 SYSTEMPATH\View\View.php(227): CodeIgniter\View\View->CodeIgniter\View\{closure}()
 4 SYSTEMPATH\Common.php(1173): CodeIgniter\View\View->render('admin/home', [], true)
 5 APPPATH\Controllers\Home.php(9): view('admin/home')
 6 SYSTEMPATH\CodeIgniter.php(933): App\Controllers\Home->index()
 7 SYSTEMPATH\CodeIgniter.php(507): CodeIgniter\CodeIgniter->runController(Object(App\Controllers\Home))
 8 SYSTEMPATH\CodeIgniter.php(354): CodeIgniter\CodeIgniter->handleRequest(null, Object(Config\Cache), false)
 9 SYSTEMPATH\Boot.php(334): CodeIgniter\CodeIgniter->run()
10 SYSTEMPATH\Boot.php(67): CodeIgniter\Boot::runCodeIgniter(Object(CodeIgniter\CodeIgniter))
11 FCPATH\index.php(56): CodeIgniter\Boot::bootWeb(Object(Config\Paths))
12 SYSTEMPATH\rewrite.php(44): require_once('C:\\xampp\\htdocs\\spk-topsis\\public\\index.php')
CRITICAL - 2025-02-06 13:10:08 --> ErrorException: Undefined variable $title
[Method: GET, Route: /]
in APPPATH\Views\admin\home.php on line 12.
 1 APPPATH\Views\admin\home.php(12): CodeIgniter\Debug\Exceptions->errorHandler(2, 'Undefined variable $title', 'C:\\xampp\\htdocs\\spk-topsis\\app\\Views\\admin\\home.php', 12)
 2 SYSTEMPATH\View\View.php(224): include('C:\\xampp\\htdocs\\spk-topsis\\app\\Views\\admin\\home.php')
 3 SYSTEMPATH\View\View.php(227): CodeIgniter\View\View->CodeIgniter\View\{closure}()
 4 SYSTEMPATH\Common.php(1173): CodeIgniter\View\View->render('admin/home', [], true)
 5 APPPATH\Controllers\Home.php(9): view('admin/home')
 6 SYSTEMPATH\CodeIgniter.php(933): App\Controllers\Home->index()
 7 SYSTEMPATH\CodeIgniter.php(507): CodeIgniter\CodeIgniter->runController(Object(App\Controllers\Home))
 8 SYSTEMPATH\CodeIgniter.php(354): CodeIgniter\CodeIgniter->handleRequest(null, Object(Config\Cache), false)
 9 SYSTEMPATH\Boot.php(334): CodeIgniter\CodeIgniter->run()
10 SYSTEMPATH\Boot.php(67): CodeIgniter\Boot::runCodeIgniter(Object(CodeIgniter\CodeIgniter))
11 FCPATH\index.php(56): CodeIgniter\Boot::bootWeb(Object(Config\Paths))
12 SYSTEMPATH\rewrite.php(44): require_once('C:\\xampp\\htdocs\\spk-topsis\\public\\index.php')
CRITICAL - 2025-02-06 13:10:34 --> ErrorException: Undefined variable $title
[Method: GET, Route: /]
in APPPATH\Views\admin\home.php on line 60.
 1 APPPATH\Views\admin\home.php(60): CodeIgniter\Debug\Exceptions->errorHandler(2, 'Undefined variable $title', 'C:\\xampp\\htdocs\\spk-topsis\\app\\Views\\admin\\home.php', 60)
 2 SYSTEMPATH\View\View.php(224): include('C:\\xampp\\htdocs\\spk-topsis\\app\\Views\\admin\\home.php')
 3 SYSTEMPATH\View\View.php(227): CodeIgniter\View\View->CodeIgniter\View\{closure}()
 4 SYSTEMPATH\Common.php(1173): CodeIgniter\View\View->render('admin/home', [], true)
 5 APPPATH\Controllers\Home.php(9): view('admin/home')
 6 SYSTEMPATH\CodeIgniter.php(933): App\Controllers\Home->index()
 7 SYSTEMPATH\CodeIgniter.php(507): CodeIgniter\CodeIgniter->runController(Object(App\Controllers\Home))
 8 SYSTEMPATH\CodeIgniter.php(354): CodeIgniter\CodeIgniter->handleRequest(null, Object(Config\Cache), false)
 9 SYSTEMPATH\Boot.php(334): CodeIgniter\CodeIgniter->run()
10 SYSTEMPATH\Boot.php(67): CodeIgniter\Boot::runCodeIgniter(Object(CodeIgniter\CodeIgniter))
11 FCPATH\index.php(56): CodeIgniter\Boot::bootWeb(Object(Config\Paths))
12 SYSTEMPATH\rewrite.php(44): require_once('C:\\xampp\\htdocs\\spk-topsis\\public\\index.php')
CRITICAL - 2025-02-06 13:11:12 --> ErrorException: Undefined variable $title
[Method: GET, Route: /]
in APPPATH\Views\admin\home.php on line 60.
 1 APPPATH\Views\admin\home.php(60): CodeIgniter\Debug\Exceptions->errorHandler(2, 'Undefined variable $title', 'C:\\xampp\\htdocs\\spk-topsis\\app\\Views\\admin\\home.php', 60)
 2 SYSTEMPATH\View\View.php(224): include('C:\\xampp\\htdocs\\spk-topsis\\app\\Views\\admin\\home.php')
 3 SYSTEMPATH\View\View.php(227): CodeIgniter\View\View->CodeIgniter\View\{closure}()
 4 SYSTEMPATH\Common.php(1173): CodeIgniter\View\View->render('admin/home', [], true)
 5 APPPATH\Controllers\Home.php(12): view('admin/home')
 6 SYSTEMPATH\CodeIgniter.php(933): App\Controllers\Home->index()
 7 SYSTEMPATH\CodeIgniter.php(507): CodeIgniter\CodeIgniter->runController(Object(App\Controllers\Home))
 8 SYSTEMPATH\CodeIgniter.php(354): CodeIgniter\CodeIgniter->handleRequest(null, Object(Config\Cache), false)
 9 SYSTEMPATH\Boot.php(334): CodeIgniter\CodeIgniter->run()
10 SYSTEMPATH\Boot.php(67): CodeIgniter\Boot::runCodeIgniter(Object(CodeIgniter\CodeIgniter))
11 FCPATH\index.php(56): CodeIgniter\Boot::bootWeb(Object(Config\Paths))
12 SYSTEMPATH\rewrite.php(44): require_once('C:\\xampp\\htdocs\\spk-topsis\\public\\index.php')
CRITICAL - 2025-02-06 13:11:24 --> ErrorException: Undefined property: CodeIgniter\View\View::$session
[Method: GET, Route: /]
in APPPATH\Views\admin\home.php on line 145.
 1 APPPATH\Views\admin\home.php(145): CodeIgniter\Debug\Exceptions->errorHandler(2, 'Undefined property: CodeIgniter\\View\\View::$session', 'C:\\xampp\\htdocs\\spk-topsis\\app\\Views\\admin\\home.php', 145)
 2 SYSTEMPATH\View\View.php(224): include('C:\\xampp\\htdocs\\spk-topsis\\app\\Views\\admin\\home.php')
 3 SYSTEMPATH\View\View.php(227): CodeIgniter\View\View->CodeIgniter\View\{closure}()
 4 SYSTEMPATH\Common.php(1173): CodeIgniter\View\View->render('admin/home', [], true)
 5 APPPATH\Controllers\Home.php(12): view('admin/home', [...])
 6 SYSTEMPATH\CodeIgniter.php(933): App\Controllers\Home->index()
 7 SYSTEMPATH\CodeIgniter.php(507): CodeIgniter\CodeIgniter->runController(Object(App\Controllers\Home))
 8 SYSTEMPATH\CodeIgniter.php(354): CodeIgniter\CodeIgniter->handleRequest(null, Object(Config\Cache), false)
 9 SYSTEMPATH\Boot.php(334): CodeIgniter\CodeIgniter->run()
10 SYSTEMPATH\Boot.php(67): CodeIgniter\Boot::runCodeIgniter(Object(CodeIgniter\CodeIgniter))
11 FCPATH\index.php(56): CodeIgniter\Boot::bootWeb(Object(Config\Paths))
12 SYSTEMPATH\rewrite.php(44): require_once('C:\\xampp\\htdocs\\spk-topsis\\public\\index.php')
CRITICAL - 2025-02-06 13:12:02 --> ErrorException: Undefined property: CodeIgniter\View\View::$session
[Method: GET, Route: /]
in APPPATH\Views\admin\home.php on line 249.
 1 APPPATH\Views\admin\home.php(249): CodeIgniter\Debug\Exceptions->errorHandler(2, 'Undefined property: CodeIgniter\\View\\View::$session', 'C:\\xampp\\htdocs\\spk-topsis\\app\\Views\\admin\\home.php', 249)
 2 SYSTEMPATH\View\View.php(224): include('C:\\xampp\\htdocs\\spk-topsis\\app\\Views\\admin\\home.php')
 3 SYSTEMPATH\View\View.php(227): CodeIgniter\View\View->CodeIgniter\View\{closure}()
 4 SYSTEMPATH\Common.php(1173): CodeIgniter\View\View->render('admin/home', [], true)
 5 APPPATH\Controllers\Home.php(12): view('admin/home', [...])
 6 SYSTEMPATH\CodeIgniter.php(933): App\Controllers\Home->index()
 7 SYSTEMPATH\CodeIgniter.php(507): CodeIgniter\CodeIgniter->runController(Object(App\Controllers\Home))
 8 SYSTEMPATH\CodeIgniter.php(354): CodeIgniter\CodeIgniter->handleRequest(null, Object(Config\Cache), false)
 9 SYSTEMPATH\Boot.php(334): CodeIgniter\CodeIgniter->run()
10 SYSTEMPATH\Boot.php(67): CodeIgniter\Boot::runCodeIgniter(Object(CodeIgniter\CodeIgniter))
11 FCPATH\index.php(56): CodeIgniter\Boot::bootWeb(Object(Config\Paths))
12 SYSTEMPATH\rewrite.php(44): require_once('C:\\xampp\\htdocs\\spk-topsis\\public\\index.php')
CRITICAL - 2025-02-06 13:12:37 --> ErrorException: Undefined variable $jumlah_kriteria
[Method: GET, Route: /]
in APPPATH\Views\admin\home.php on line 578.
 1 APPPATH\Views\admin\home.php(578): CodeIgniter\Debug\Exceptions->errorHandler(2, 'Undefined variable $jumlah_kriteria', 'C:\\xampp\\htdocs\\spk-topsis\\app\\Views\\admin\\home.php', 578)
 2 SYSTEMPATH\View\View.php(224): include('C:\\xampp\\htdocs\\spk-topsis\\app\\Views\\admin\\home.php')
 3 SYSTEMPATH\View\View.php(227): CodeIgniter\View\View->CodeIgniter\View\{closure}()
 4 SYSTEMPATH\Common.php(1173): CodeIgniter\View\View->render('admin/home', [], true)
 5 APPPATH\Controllers\Home.php(12): view('admin/home', [...])
 6 SYSTEMPATH\CodeIgniter.php(933): App\Controllers\Home->index()
 7 SYSTEMPATH\CodeIgniter.php(507): CodeIgniter\CodeIgniter->runController(Object(App\Controllers\Home))
 8 SYSTEMPATH\CodeIgniter.php(354): CodeIgniter\CodeIgniter->handleRequest(null, Object(Config\Cache), false)
 9 SYSTEMPATH\Boot.php(334): CodeIgniter\CodeIgniter->run()
10 SYSTEMPATH\Boot.php(67): CodeIgniter\Boot::runCodeIgniter(Object(CodeIgniter\CodeIgniter))
11 FCPATH\index.php(56): CodeIgniter\Boot::bootWeb(Object(Config\Paths))
12 SYSTEMPATH\rewrite.php(44): require_once('C:\\xampp\\htdocs\\spk-topsis\\public\\index.php')
